Flow report for SBOR5_FPGA_DI_OO_9
Thu Dec 14 14:31:05 2017
Quartus II Version 9.1 Build 350 03/24/2010 Service Pack 2 SJ Web Edition


---------------------
; Table of Contents ;
---------------------
  1. Legal Notice
  2. Flow Summary
  3. Flow Settings
  4. Flow Non-Default Global Settings
  5. Flow Elapsed Time
  6. Flow OS Summary
  7. Flow Log



----------------
; Legal Notice ;
----------------
Copyright (C) 1991-2010 Altera Corporation
Your use of Altera Corporation's design tools, logic functions 
and other software and tools, and its AMPP partner logic 
functions, and any output files from any of the foregoing 
(including device programming or simulation files), and any 
associated documentation or information are expressly subject 
to the terms and conditions of the Altera Program License 
Subscription Agreement, Altera MegaCore Function License 
Agreement, or other applicable license agreement, including, 
without limitation, that your use is for the sole purpose of 
programming logic devices manufactured by Altera and sold by 
Altera or its authorized distributors.  Please refer to the 
applicable agreement for further details.



+-----------------------------------------------------------------------------------+
; Flow Summary                                                                      ;
+------------------------------------+----------------------------------------------+
; Flow Status                        ; Successful - Thu Dec 14 14:31:00 2017        ;
; Quartus II Version                 ; 9.1 Build 350 03/24/2010 SP 2 SJ Web Edition ;
; Revision Name                      ; SBOR5_FPGA_DI_OO_9                           ;
; Top-level Entity Name              ; main_part                                    ;
; Family                             ; Cyclone III                                  ;
; Device                             ; EP3C5E144C8                                  ;
; Timing Models                      ; Final                                        ;
; Met timing requirements            ; N/A                                          ;
; Total logic elements               ; 1,020 / 5,136 ( 20 % )                       ;
;     Total combinational functions  ; 1,013 / 5,136 ( 20 % )                       ;
;     Dedicated logic registers      ; 512 / 5,136 ( 10 % )                         ;
; Total registers                    ; 512                                          ;
; Total pins                         ; 40 / 95 ( 42 % )                             ;
; Total virtual pins                 ; 0                                            ;
; Total memory bits                  ; 0 / 423,936 ( 0 % )                          ;
; Embedded Multiplier 9-bit elements ; 0 / 46 ( 0 % )                               ;
; Total PLLs                         ; 1 / 2 ( 50 % )                               ;
+------------------------------------+----------------------------------------------+


+-----------------------------------------+
; Flow Settings                           ;
+-------------------+---------------------+
; Option            ; Setting             ;
+-------------------+---------------------+
; Start date & time ; 12/14/2017 14:30:34 ;
; Main task         ; Compilation         ;
; Revision Name     ; SBOR5_FPGA_DI_OO_9  ;
+-------------------+---------------------+


+---------------------------------------------------------------------------------------------------------------------------------------------------+
; Flow Non-Default Global Settings                                                                                                                  ;
+------------------------------------+----------------------------------------------------------+--------------------+-------------+----------------+
; Assignment Name                    ; Value                                                    ; Default Value      ; Entity Name ; Section Id     ;
+------------------------------------+----------------------------------------------------------+--------------------+-------------+----------------+
; COMPILER_SIGNATURE_ID              ; 79556641850730.151325103401912                           ; --                 ; --          ; --             ;
; IP_TOOL_NAME                       ; ALTPLL                                                   ; --                 ; --          ; --             ;
; IP_TOOL_VERSION                    ; 9.1                                                      ; --                 ; --          ; --             ;
; MAX_CORE_JUNCTION_TEMP             ; 85                                                       ; --                 ; --          ; --             ;
; MIN_CORE_JUNCTION_TEMP             ; 0                                                        ; --                 ; --          ; --             ;
; MISC_FILE                          ; pll9.bsf                                                 ; --                 ; --          ; --             ;
; MISC_FILE                          ; pll9.cmp                                                 ; --                 ; --          ; --             ;
; MISC_FILE                          ; pll9.ppf                                                 ; --                 ; --          ; --             ;
; MISC_FILE                          ; C:/NIIFA/SBOR5_FPGA_DI_OO_9/SBOR5_FPGA_DI_OO_9.dpf       ; --                 ; --          ; --             ;
; MISC_FILE                          ; C:/SBOR5/SBOR5_FPGA_DI_OO_91/SBOR5_FPGA_DI_OO_9.dpf      ; --                 ; --          ; --             ;
; MISC_FILE                          ; D:/SBOR6/SBOR5_FPGA_DI_OO_91_V3R2/SBOR5_FPGA_DI_OO_9.dpf ; --                 ; --          ; --             ;
; NOMINAL_CORE_SUPPLY_VOLTAGE        ; 1.2V                                                     ; --                 ; --          ; --             ;
; PARTITION_COLOR                    ; 16764057                                                 ; --                 ; main_part   ; Top            ;
; PARTITION_NETLIST_TYPE             ; SOURCE                                                   ; --                 ; main_part   ; Top            ;
; TOP_LEVEL_ENTITY                   ; main_part                                                ; SBOR5_FPGA_DI_OO_9 ; --          ; --             ;
; USE_GENERATED_PHYSICAL_CONSTRAINTS ; Off                                                      ; --                 ; --          ; eda_blast_fpga ;
+------------------------------------+----------------------------------------------------------+--------------------+-------------+----------------+


+-------------------------------------------------------------------------------------------------------------------------------+
; Flow Elapsed Time                                                                                                             ;
+---------------------------+--------------+-------------------------+---------------------+------------------------------------+
; Module Name               ; Elapsed Time ; Average Processors Used ; Peak Virtual Memory ; Total CPU Time (on all processors) ;
+---------------------------+--------------+-------------------------+---------------------+------------------------------------+
; Analysis & Synthesis      ; 00:00:07     ; 1.0                     ; 247 MB              ; 00:00:08                           ;
; Fitter                    ; 00:00:12     ; 1.0                     ; 268 MB              ; 00:00:13                           ;
; TimeQuest Timing Analyzer ; 00:00:07     ; 1.0                     ; 238 MB              ; 00:00:06                           ;
; Assembler                 ; 00:00:03     ; 1.0                     ; 212 MB              ; 00:00:02                           ;
; Total                     ; 00:00:26     ; --                      ; --                  ; 00:00:27                           ;
+---------------------------+--------------+-------------------------+---------------------+------------------------------------+


+--------------------------------------------------------------------------------------------+
; Flow OS Summary                                                                            ;
+---------------------------+------------------+---------------+------------+----------------+
; Module Name               ; Machine Hostname ; OS Name       ; OS Version ; Processor type ;
+---------------------------+------------------+---------------+------------+----------------+
; Analysis & Synthesis      ; k1341-666        ; Windows Vista ; 6.1        ; x86_64         ;
; Fitter                    ; k1341-666        ; Windows Vista ; 6.1        ; x86_64         ;
; Assembler                 ; k1341-666        ; Windows Vista ; 6.1        ; x86_64         ;
; TimeQuest Timing Analyzer ; k1341-666        ; Windows Vista ; 6.1        ; x86_64         ;
+---------------------------+------------------+---------------+------------+----------------+


------------
; Flow Log ;
------------
quartus_map --read_settings_files=on --write_settings_files=off SBOR5_FPGA_DI_OO_9 -c SBOR5_FPGA_DI_OO_9
quartus_fit --read_settings_files=off --write_settings_files=off SBOR5_FPGA_DI_OO_9 -c SBOR5_FPGA_DI_OO_9
quartus_asm --read_settings_files=off --write_settings_files=off SBOR5_FPGA_DI_OO_9 -c SBOR5_FPGA_DI_OO_9
quartus_sta SBOR5_FPGA_DI_OO_9 -c SBOR5_FPGA_DI_OO_9



