Flow report for sbor
Mon Dec 26 13:23:13 2016
Quartus II 64-Bit Version 13.1.0 Build 162 10/23/2013 SJ Web Edition


---------------------
; Table of Contents ;
---------------------
  1. Legal Notice
  2. Flow Summary
  3. Flow Settings
  4. Flow Non-Default Global Settings
  5. Flow Elapsed Time
  6. Flow OS Summary
  7. Flow Log
  8. Flow Messages
  9. Flow Suppressed Messages



----------------
; Legal Notice ;
----------------
Copyright (C) 1991-2013 Altera Corporation
Your use of Altera Corporation's design tools, logic functions 
and other software and tools, and its AMPP partner logic 
functions, and any output files from any of the foregoing 
(including device programming or simulation files), and any 
associated documentation or information are expressly subject 
to the terms and conditions of the Altera Program License 
Subscription Agreement, Altera MegaCore Function License 
Agreement, or other applicable license agreement, including, 
without limitation, that your use is for the sole purpose of 
programming logic devices manufactured by Altera and sold by 
Altera or its authorized distributors.  Please refer to the 
applicable agreement for further details.



+---------------------------------------------------------------------------------+
; Flow Summary                                                                    ;
+------------------------------------+--------------------------------------------+
; Flow Status                        ; Successful - Mon Dec 26 13:23:05 2016      ;
; Quartus II 64-Bit Version          ; 13.1.0 Build 162 10/23/2013 SJ Web Edition ;
; Revision Name                      ; sbor                                       ;
; Top-level Entity Name              ; main_part                                  ;
; Family                             ; Cyclone III                                ;
; Device                             ; EP3C5E144C7                                ;
; Timing Models                      ; Final                                      ;
; Total logic elements               ; 1,385 / 5,136 ( 27 % )                     ;
;     Total combinational functions  ; 1,378 / 5,136 ( 27 % )                     ;
;     Dedicated logic registers      ; 575 / 5,136 ( 11 % )                       ;
; Total registers                    ; 575                                        ;
; Total pins                         ; 36 / 95 ( 38 % )                           ;
; Total virtual pins                 ; 0                                          ;
; Total memory bits                  ; 0 / 423,936 ( 0 % )                        ;
; Embedded Multiplier 9-bit elements ; 0 / 46 ( 0 % )                             ;
; Total PLLs                         ; 1 / 2 ( 50 % )                             ;
+------------------------------------+--------------------------------------------+


+-----------------------------------------+
; Flow Settings                           ;
+-------------------+---------------------+
; Option            ; Setting             ;
+-------------------+---------------------+
; Start date & time ; 12/26/2016 13:22:28 ;
; Main task         ; Compilation         ;
; Revision Name     ; sbor                ;
+-------------------+---------------------+


+---------------------------------------------------------------------------------------------------------------------+
; Flow Non-Default Global Settings                                                                                    ;
+-------------------------------------+--------------------------------+---------------+-------------+----------------+
; Assignment Name                     ; Value                          ; Default Value ; Entity Name ; Section Id     ;
+-------------------------------------+--------------------------------+---------------+-------------+----------------+
; COMPILER_SIGNATURE_ID               ; 108917543459.148274774806980   ; --            ; --          ; --             ;
; ENABLE_SIGNALTAP                    ; On                             ; --            ; --          ; --             ;
; FITTER_EFFORT                       ; Standard Fit                   ; Auto Fit      ; --          ; --             ;
; FMAX_REQUIREMENT                    ; 100 MHz                        ; --            ; --          ; --             ;
; IP_TOOL_NAME                        ; LPM_COUNTER                    ; --            ; --          ; --             ;
; IP_TOOL_NAME                        ; LPM_COUNTER                    ; --            ; --          ; --             ;
; IP_TOOL_NAME                        ; ALTPLL                         ; --            ; --          ; --             ;
; IP_TOOL_NAME                        ; LPM_COMPARE                    ; --            ; --          ; --             ;
; IP_TOOL_NAME                        ; LPM_COUNTER                    ; --            ; --          ; --             ;
; IP_TOOL_NAME                        ; LPM_ADD_SUB                    ; --            ; --          ; --             ;
; IP_TOOL_NAME                        ; LPM_INV                        ; --            ; --          ; --             ;
; IP_TOOL_NAME                        ; LPM_MUX                        ; --            ; --          ; --             ;
; IP_TOOL_NAME                        ; LPM_MUX                        ; --            ; --          ; --             ;
; IP_TOOL_NAME                        ; LPM_MULT                       ; --            ; --          ; --             ;
; IP_TOOL_NAME                        ; LPM_COUNTER                    ; --            ; --          ; --             ;
; IP_TOOL_NAME                        ; ROM: 1-PORT                    ; --            ; --          ; --             ;
; IP_TOOL_NAME                        ; LPM_MUX                        ; --            ; --          ; --             ;
; IP_TOOL_NAME                        ; LPM_COUNTER                    ; --            ; --          ; --             ;
; IP_TOOL_NAME                        ; LPM_CONSTANT                   ; --            ; --          ; --             ;
; IP_TOOL_NAME                        ; LPM_OR                         ; --            ; --          ; --             ;
; IP_TOOL_NAME                        ; LPM_OR                         ; --            ; --          ; --             ;
; IP_TOOL_NAME                        ; LPM_OR                         ; --            ; --          ; --             ;
; IP_TOOL_VERSION                     ; 9.1                            ; --            ; --          ; --             ;
; IP_TOOL_VERSION                     ; 9.1                            ; --            ; --          ; --             ;
; IP_TOOL_VERSION                     ; 13.1                           ; --            ; --          ; --             ;
; IP_TOOL_VERSION                     ; 9.1                            ; --            ; --          ; --             ;
; IP_TOOL_VERSION                     ; 9.1                            ; --            ; --          ; --             ;
; IP_TOOL_VERSION                     ; 9.1                            ; --            ; --          ; --             ;
; IP_TOOL_VERSION                     ; 9.1                            ; --            ; --          ; --             ;
; IP_TOOL_VERSION                     ; 9.1                            ; --            ; --          ; --             ;
; IP_TOOL_VERSION                     ; 9.1                            ; --            ; --          ; --             ;
; IP_TOOL_VERSION                     ; 9.1                            ; --            ; --          ; --             ;
; IP_TOOL_VERSION                     ; 9.1                            ; --            ; --          ; --             ;
; IP_TOOL_VERSION                     ; 9.1                            ; --            ; --          ; --             ;
; IP_TOOL_VERSION                     ; 9.1                            ; --            ; --          ; --             ;
; IP_TOOL_VERSION                     ; 9.1                            ; --            ; --          ; --             ;
; IP_TOOL_VERSION                     ; 9.1                            ; --            ; --          ; --             ;
; IP_TOOL_VERSION                     ; 9.1                            ; --            ; --          ; --             ;
; IP_TOOL_VERSION                     ; 9.1                            ; --            ; --          ; --             ;
; IP_TOOL_VERSION                     ; 9.1                            ; --            ; --          ; --             ;
; MAX_CORE_JUNCTION_TEMP              ; 85                             ; --            ; --          ; --             ;
; MIN_CORE_JUNCTION_TEMP              ; 0                              ; --            ; --          ; --             ;
; MISC_FILE                           ; lpm_counter0.bsf               ; --            ; --          ; --             ;
; MISC_FILE                           ; lpm_counter0.cmp               ; --            ; --          ; --             ;
; MISC_FILE                           ; lpm_counter1.bsf               ; --            ; --          ; --             ;
; MISC_FILE                           ; lpm_counter1.cmp               ; --            ; --          ; --             ;
; MISC_FILE                           ; pll.bsf                        ; --            ; --          ; --             ;
; MISC_FILE                           ; pll.cmp                        ; --            ; --          ; --             ;
; MISC_FILE                           ; pll.ppf                        ; --            ; --          ; --             ;
; MISC_FILE                           ; lpm_compare3.bsf               ; --            ; --          ; --             ;
; MISC_FILE                           ; lpm_compare3.cmp               ; --            ; --          ; --             ;
; MISC_FILE                           ; lpm_counter2.bsf               ; --            ; --          ; --             ;
; MISC_FILE                           ; lpm_counter2.cmp               ; --            ; --          ; --             ;
; MISC_FILE                           ; lpm_add_sub0.bsf               ; --            ; --          ; --             ;
; MISC_FILE                           ; lpm_add_sub0.cmp               ; --            ; --          ; --             ;
; MISC_FILE                           ; lpm_inv0.bsf                   ; --            ; --          ; --             ;
; MISC_FILE                           ; lpm_inv0.cmp                   ; --            ; --          ; --             ;
; MISC_FILE                           ; lpm_mux0.bsf                   ; --            ; --          ; --             ;
; MISC_FILE                           ; lpm_mux0.cmp                   ; --            ; --          ; --             ;
; MISC_FILE                           ; lpm_mux1.bsf                   ; --            ; --          ; --             ;
; MISC_FILE                           ; lpm_mux1.cmp                   ; --            ; --          ; --             ;
; MISC_FILE                           ; lpm_mult0.bsf                  ; --            ; --          ; --             ;
; MISC_FILE                           ; lpm_mult0.cmp                  ; --            ; --          ; --             ;
; MISC_FILE                           ; lpm_counter3.bsf               ; --            ; --          ; --             ;
; MISC_FILE                           ; lpm_counter3.cmp               ; --            ; --          ; --             ;
; MISC_FILE                           ; rom_mem.bsf                    ; --            ; --          ; --             ;
; MISC_FILE                           ; rom_mem.cmp                    ; --            ; --          ; --             ;
; MISC_FILE                           ; lpm_mux2.bsf                   ; --            ; --          ; --             ;
; MISC_FILE                           ; lpm_mux2.cmp                   ; --            ; --          ; --             ;
; MISC_FILE                           ; lpm_counter4.bsf               ; --            ; --          ; --             ;
; MISC_FILE                           ; lpm_counter4.cmp               ; --            ; --          ; --             ;
; MISC_FILE                           ; lpm_constant0.bsf              ; --            ; --          ; --             ;
; MISC_FILE                           ; lpm_constant0_bb.v             ; --            ; --          ; --             ;
; MISC_FILE                           ; lpm_or_gate.bsf                ; --            ; --          ; --             ;
; MISC_FILE                           ; lpm_or_gate.cmp                ; --            ; --          ; --             ;
; MISC_FILE                           ; or_17_20.bsf                   ; --            ; --          ; --             ;
; MISC_FILE                           ; or_17_20.cmp                   ; --            ; --          ; --             ;
; MISC_FILE                           ; or_16_7.bsf                    ; --            ; --          ; --             ;
; MISC_FILE                           ; or_16_7.cmp                    ; --            ; --          ; --             ;
; NOMINAL_CORE_SUPPLY_VOLTAGE         ; 1.2V                           ; --            ; --          ; --             ;
; OPTIMIZE_HOLD_TIMING                ; IO Paths and Minimum TPD Paths ; All Paths     ; --          ; --             ;
; PARTITION_COLOR                     ; 16764057                       ; --            ; main_part   ; Top            ;
; PARTITION_FITTER_PRESERVATION_LEVEL ; PLACEMENT_AND_ROUTING          ; --            ; main_part   ; Top            ;
; PARTITION_NETLIST_TYPE              ; SOURCE                         ; --            ; main_part   ; Top            ;
; SLD_FILE                            ; db/stp1_auto_stripped.stp      ; --            ; --          ; --             ;
; TOP_LEVEL_ENTITY                    ; main_part                      ; sbor          ; --          ; --             ;
; USE_GENERATED_PHYSICAL_CONSTRAINTS  ; Off                            ; --            ; --          ; eda_blast_fpga ;
; USE_SIGNALTAP_FILE                  ; stp1.stp                       ; --            ; --          ; --             ;
+-------------------------------------+--------------------------------+---------------+-------------+----------------+


+-------------------------------------------------------------------------------------------------------------------------------+
; Flow Elapsed Time                                                                                                             ;
+---------------------------+--------------+-------------------------+---------------------+------------------------------------+
; Module Name               ; Elapsed Time ; Average Processors Used ; Peak Virtual Memory ; Total CPU Time (on all processors) ;
+---------------------------+--------------+-------------------------+---------------------+------------------------------------+
; Analysis & Synthesis      ; 00:00:09     ; 1.0                     ; 524 MB              ; 00:00:07                           ;
; Fitter                    ; 00:00:22     ; 1.0                     ; 741 MB              ; 00:00:19                           ;
; Assembler                 ; 00:00:03     ; 1.0                     ; 436 MB              ; 00:00:03                           ;
; TimeQuest Timing Analyzer ; 00:00:05     ; 1.0                     ; 475 MB              ; 00:00:06                           ;
; Total                     ; 00:00:39     ; --                      ; --                  ; 00:00:35                           ;
+---------------------------+--------------+-------------------------+---------------------+------------------------------------+


+----------------------------------------------------------------------------------------+
; Flow OS Summary                                                                        ;
+---------------------------+------------------+-----------+------------+----------------+
; Module Name               ; Machine Hostname ; OS Name   ; OS Version ; Processor type ;
+---------------------------+------------------+-----------+------------+----------------+
; Analysis & Synthesis      ; K13382-12        ; Windows 7 ; 6.1        ; x86_64         ;
; Fitter                    ; K13382-12        ; Windows 7 ; 6.1        ; x86_64         ;
; Assembler                 ; K13382-12        ; Windows 7 ; 6.1        ; x86_64         ;
; TimeQuest Timing Analyzer ; K13382-12        ; Windows 7 ; 6.1        ; x86_64         ;
+---------------------------+------------------+-----------+------------+----------------+


------------
; Flow Log ;
------------
quartus_map --read_settings_files=on --write_settings_files=off sbor -c sbor
quartus_fit --read_settings_files=off --write_settings_files=off sbor -c sbor
quartus_asm --read_settings_files=off --write_settings_files=off sbor -c sbor
quartus_sta sbor -c sbor



