Analysis & Synthesis report for SBOR5_FPGA_DI_OO_9
Thu Dec 14 14:30:42 2017
Quartus II Version 9.1 Build 350 03/24/2010 Service Pack 2 SJ Web Edition


---------------------
; Table of Contents ;
---------------------
  1. Legal Notice
  2. Analysis & Synthesis Summary
  3. Analysis & Synthesis Settings
  4. Parallel Compilation
  5. Analysis & Synthesis Source Files Read
  6. Analysis & Synthesis Resource Usage Summary
  7. Analysis & Synthesis Resource Utilization by Entity
  8. Registers Removed During Synthesis
  9. General Register Statistics
 10. Inverted Register Statistics
 11. Multiplexer Restructuring Statistics (Restructuring Performed)
 12. Parameter Settings for User Entity Instance: pll9:inst1|altpll:altpll_component
 13. Parameter Settings for User Entity Instance: LPM_AND:inst2
 14. altpll Parameter Settings by Entity Instance
 15. Analysis & Synthesis Messages



----------------
; Legal Notice ;
----------------
Copyright (C) 1991-2010 Altera Corporation
Your use of Altera Corporation's design tools, logic functions 
and other software and tools, and its AMPP partner logic 
functions, and any output files from any of the foregoing 
(including device programming or simulation files), and any 
associated documentation or information are expressly subject 
to the terms and conditions of the Altera Program License 
Subscription Agreement, Altera MegaCore Function License 
Agreement, or other applicable license agreement, including, 
without limitation, that your use is for the sole purpose of 
programming logic devices manufactured by Altera and sold by 
Altera or its authorized distributors.  Please refer to the 
applicable agreement for further details.



+-----------------------------------------------------------------------------------+
; Analysis & Synthesis Summary                                                      ;
+------------------------------------+----------------------------------------------+
; Analysis & Synthesis Status        ; Successful - Thu Dec 14 14:30:42 2017        ;
; Quartus II Version                 ; 9.1 Build 350 03/24/2010 SP 2 SJ Web Edition ;
; Revision Name                      ; SBOR5_FPGA_DI_OO_9                           ;
; Top-level Entity Name              ; main_part                                    ;
; Family                             ; Cyclone III                                  ;
; Total logic elements               ; 1,027                                        ;
;     Total combinational functions  ; 1,013                                        ;
;     Dedicated logic registers      ; 512                                          ;
; Total registers                    ; 512                                          ;
; Total pins                         ; 40                                           ;
; Total virtual pins                 ; 0                                            ;
; Total memory bits                  ; 0                                            ;
; Embedded Multiplier 9-bit elements ; 0                                            ;
; Total PLLs                         ; 1                                            ;
+------------------------------------+----------------------------------------------+


+----------------------------------------------------------------------------------------------------------------------+
; Analysis & Synthesis Settings                                                                                        ;
+----------------------------------------------------------------------------+--------------------+--------------------+
; Option                                                                     ; Setting            ; Default Value      ;
+----------------------------------------------------------------------------+--------------------+--------------------+
; Device                                                                     ; EP3C5E144C8        ;                    ;
; Top-level entity name                                                      ; main_part          ; SBOR5_FPGA_DI_OO_9 ;
; Family name                                                                ; Cyclone III        ; Stratix II         ;
; Use Generated Physical Constraints File                                    ; Off                ;                    ;
; Use smart compilation                                                      ; Off                ; Off                ;
; Enable parallel Assembler and TimeQuest Timing Analyzer during compilation ; On                 ; On                 ;
; Enable compact report table                                                ; Off                ; Off                ;
; Restructure Multiplexers                                                   ; Auto               ; Auto               ;
; Create Debugging Nodes for IP Cores                                        ; Off                ; Off                ;
; Preserve fewer node names                                                  ; On                 ; On                 ;
; Disable OpenCore Plus hardware evaluation                                  ; Off                ; Off                ;
; Verilog Version                                                            ; Verilog_2001       ; Verilog_2001       ;
; VHDL Version                                                               ; VHDL_1993          ; VHDL_1993          ;
; State Machine Processing                                                   ; Auto               ; Auto               ;
; Safe State Machine                                                         ; Off                ; Off                ;
; Extract Verilog State Machines                                             ; On                 ; On                 ;
; Extract VHDL State Machines                                                ; On                 ; On                 ;
; Ignore Verilog initial constructs                                          ; Off                ; Off                ;
; Iteration limit for constant Verilog loops                                 ; 5000               ; 5000               ;
; Iteration limit for non-constant Verilog loops                             ; 250                ; 250                ;
; Add Pass-Through Logic to Inferred RAMs                                    ; On                 ; On                 ;
; Parallel Synthesis                                                         ; On                 ; On                 ;
; DSP Block Balancing                                                        ; Auto               ; Auto               ;
; NOT Gate Push-Back                                                         ; On                 ; On                 ;
; Power-Up Don't Care                                                        ; On                 ; On                 ;
; Remove Redundant Logic Cells                                               ; Off                ; Off                ;
; Remove Duplicate Registers                                                 ; On                 ; On                 ;
; Ignore CARRY Buffers                                                       ; Off                ; Off                ;
; Ignore CASCADE Buffers                                                     ; Off                ; Off                ;
; Ignore GLOBAL Buffers                                                      ; Off                ; Off                ;
; Ignore ROW GLOBAL Buffers                                                  ; Off                ; Off                ;
; Ignore LCELL Buffers                                                       ; Off                ; Off                ;
; Ignore SOFT Buffers                                                        ; On                 ; On                 ;
; Limit AHDL Integers to 32 Bits                                             ; Off                ; Off                ;
; Optimization Technique                                                     ; Balanced           ; Balanced           ;
; Carry Chain Length                                                         ; 70                 ; 70                 ;
; Auto Carry Chains                                                          ; On                 ; On                 ;
; Auto Open-Drain Pins                                                       ; On                 ; On                 ;
; Perform WYSIWYG Primitive Resynthesis                                      ; Off                ; Off                ;
; Auto ROM Replacement                                                       ; On                 ; On                 ;
; Auto RAM Replacement                                                       ; On                 ; On                 ;
; Auto DSP Block Replacement                                                 ; On                 ; On                 ;
; Auto Shift Register Replacement                                            ; Auto               ; Auto               ;
; Auto Clock Enable Replacement                                              ; On                 ; On                 ;
; Strict RAM Replacement                                                     ; Off                ; Off                ;
; Allow Synchronous Control Signals                                          ; On                 ; On                 ;
; Force Use of Synchronous Clear Signals                                     ; Off                ; Off                ;
; Auto RAM Block Balancing                                                   ; On                 ; On                 ;
; Auto RAM to Logic Cell Conversion                                          ; Off                ; Off                ;
; Auto Resource Sharing                                                      ; Off                ; Off                ;
; Allow Any RAM Size For Recognition                                         ; Off                ; Off                ;
; Allow Any ROM Size For Recognition                                         ; Off                ; Off                ;
; Allow Any Shift Register Size For Recognition                              ; Off                ; Off                ;
; Use LogicLock Constraints during Resource Balancing                        ; On                 ; On                 ;
; Ignore translate_off and synthesis_off directives                          ; Off                ; Off                ;
; Timing-Driven Synthesis                                                    ; On                 ; On                 ;
; Show Parameter Settings Tables in Synthesis Report                         ; On                 ; On                 ;
; Ignore Maximum Fan-Out Assignments                                         ; Off                ; Off                ;
; Synchronization Register Chain Length                                      ; 2                  ; 2                  ;
; PowerPlay Power Optimization                                               ; Normal compilation ; Normal compilation ;
; HDL message level                                                          ; Level2             ; Level2             ;
; Suppress Register Optimization Related Messages                            ; Off                ; Off                ;
; Number of Removed Registers Reported in Synthesis Report                   ; 5000               ; 5000               ;
; Number of Inverted Registers Reported in Synthesis Report                  ; 100                ; 100                ;
; Clock MUX Protection                                                       ; On                 ; On                 ;
; Auto Gated Clock Conversion                                                ; Off                ; Off                ;
; Block Design Naming                                                        ; Auto               ; Auto               ;
; SDC constraint protection                                                  ; Off                ; Off                ;
; Synthesis Effort                                                           ; Auto               ; Auto               ;
; Shift Register Replacement - Allow Asynchronous Clear Signal               ; On                 ; On                 ;
; Analysis & Synthesis Message Level                                         ; Medium             ; Medium             ;
; Disable Register Merging Across Hierarchies                                ; Auto               ; Auto               ;
; Resource Aware Inference For Block RAM                                     ; On                 ; On                 ;
+----------------------------------------------------------------------------+--------------------+--------------------+


Parallel compilation was disabled, but you have multiple processors available. Enable parallel compilation to reduce compilation time.
+-------------------------------------+
; Parallel Compilation                ;
+----------------------------+--------+
; Processors                 ; Number ;
+----------------------------+--------+
; Number detected on machine ; 2      ;
; Maximum allowed            ; 1      ;
+----------------------------+--------+


+-------------------------------------------------------------------------------------------------------------------------------------------------------+
; Analysis & Synthesis Source Files Read                                                                                                                ;
+----------------------------------+-----------------+------------------------------------+-------------------------------------------------------------+
; File Name with User-Entered Path ; Used in Netlist ; File Type                          ; File Name with Absolute Path                                ;
+----------------------------------+-----------------+------------------------------------+-------------------------------------------------------------+
; decoder_dig.vhd                  ; yes             ; User VHDL File                     ; D:/SBOR6/SBOR5_FPGA_DI_OO_91_V3R2/decoder_dig.vhd           ;
; main_part.bdf                    ; yes             ; User Block Diagram/Schematic File  ; D:/SBOR6/SBOR5_FPGA_DI_OO_91_V3R2/main_part.bdf             ;
; pll9.vhd                         ; yes             ; User Wizard-Generated File         ; D:/SBOR6/SBOR5_FPGA_DI_OO_91_V3R2/pll9.vhd                  ;
; spi_slave.vhd                    ; yes             ; User VHDL File                     ; D:/SBOR6/SBOR5_FPGA_DI_OO_91_V3R2/spi_slave.vhd             ;
; DECIDER.vhd                      ; yes             ; User VHDL File                     ; D:/SBOR6/SBOR5_FPGA_DI_OO_91_V3R2/DECIDER.vhd               ;
; altpll.tdf                       ; yes             ; Megafunction                       ; c:/altera/91sp2/quartus/libraries/megafunctions/altpll.tdf  ;
; db/pll9_altpll.v                 ; yes             ; Auto-Generated Megafunction        ; D:/SBOR6/SBOR5_FPGA_DI_OO_91_V3R2/db/pll9_altpll.v          ;
; lpm_and.tdf                      ; yes             ; Megafunction                       ; c:/altera/91sp2/quartus/libraries/megafunctions/lpm_and.tdf ;
+----------------------------------+-----------------+------------------------------------+-------------------------------------------------------------+


+------------------------------------------------------------------------------------------------------------------------------+
; Analysis & Synthesis Resource Usage Summary                                                                                  ;
+---------------------------------------------+--------------------------------------------------------------------------------+
; Resource                                    ; Usage                                                                          ;
+---------------------------------------------+--------------------------------------------------------------------------------+
; Estimated Total logic elements              ; 1,027                                                                          ;
;                                             ;                                                                                ;
; Total combinational functions               ; 1013                                                                           ;
; Logic element usage by number of LUT inputs ;                                                                                ;
;     -- 4 input functions                    ; 203                                                                            ;
;     -- 3 input functions                    ; 30                                                                             ;
;     -- <=2 input functions                  ; 780                                                                            ;
;                                             ;                                                                                ;
; Logic elements by mode                      ;                                                                                ;
;     -- normal mode                          ; 606                                                                            ;
;     -- arithmetic mode                      ; 407                                                                            ;
;                                             ;                                                                                ;
; Total registers                             ; 512                                                                            ;
;     -- Dedicated logic registers            ; 512                                                                            ;
;     -- I/O registers                        ; 0                                                                              ;
;                                             ;                                                                                ;
; I/O pins                                    ; 40                                                                             ;
; Total PLLs                                  ; 1                                                                              ;
; Maximum fan-out node                        ; pll9:inst1|altpll:altpll_component|pll9_altpll:auto_generated|wire_pll1_clk[0] ;
; Maximum fan-out                             ; 479                                                                            ;
; Total fan-out                               ; 3760                                                                           ;
; Average fan-out                             ; 2.34                                                                           ;
+---------------------------------------------+--------------------------------------------------------------------------------+


+---------------------------------------------------------------------------------------------------------------------------------------------------------------------------------------------------------------------------------------------+
; Analysis & Synthesis Resource Utilization by Entity                                                                                                                                                                                         ;
+---------------------------------------+-------------------+--------------+-------------+--------------+---------+-----------+------+--------------+--------------------------------------------------------------------------+--------------+
; Compilation Hierarchy Node            ; LC Combinationals ; LC Registers ; Memory Bits ; DSP Elements ; DSP 9x9 ; DSP 18x18 ; Pins ; Virtual Pins ; Full Hierarchy Name                                                      ; Library Name ;
+---------------------------------------+-------------------+--------------+-------------+--------------+---------+-----------+------+--------------+--------------------------------------------------------------------------+--------------+
; |main_part                            ; 1013 (0)          ; 512 (0)      ; 0           ; 0            ; 0       ; 0         ; 40   ; 0            ; |main_part                                                               ; work         ;
;    |DECIDER:inst9|                    ; 11 (11)           ; 9 (9)        ; 0           ; 0            ; 0       ; 0         ; 0    ; 0            ; |main_part|DECIDER:inst9                                                 ;              ;
;    |decoder_dig:inst|                 ; 969 (969)         ; 478 (478)    ; 0           ; 0            ; 0       ; 0         ; 0    ; 0            ; |main_part|decoder_dig:inst                                              ;              ;
;    |lpm_and:inst2|                    ; 16 (16)           ; 0 (0)        ; 0           ; 0            ; 0       ; 0         ; 0    ; 0            ; |main_part|lpm_and:inst2                                                 ;              ;
;    |pll9:inst1|                       ; 0 (0)             ; 0 (0)        ; 0           ; 0            ; 0       ; 0         ; 0    ; 0            ; |main_part|pll9:inst1                                                    ;              ;
;       |altpll:altpll_component|       ; 0 (0)             ; 0 (0)        ; 0           ; 0            ; 0       ; 0         ; 0    ; 0            ; |main_part|pll9:inst1|altpll:altpll_component                            ;              ;
;          |pll9_altpll:auto_generated| ; 0 (0)             ; 0 (0)        ; 0           ; 0            ; 0       ; 0         ; 0    ; 0            ; |main_part|pll9:inst1|altpll:altpll_component|pll9_altpll:auto_generated ;              ;
;    |spi_slave:inst3|                  ; 17 (17)           ; 25 (25)      ; 0           ; 0            ; 0       ; 0         ; 0    ; 0            ; |main_part|spi_slave:inst3                                               ;              ;
+---------------------------------------+-------------------+--------------+-------------+--------------+---------+-----------+------+--------------+--------------------------------------------------------------------------+--------------+
Note: For table entries with two numbers listed, the numbers in parentheses indicate the number of resources of the given type used by the specific entity alone. The numbers listed outside of parentheses indicate the total resources of the given type used by the specific entity and all of its sub-entities in the hierarchy.


+--------------------------------------------------------------------------------+
; Registers Removed During Synthesis                                             ;
+---------------------------------------+----------------------------------------+
; Register name                         ; Reason for Removal                     ;
+---------------------------------------+----------------------------------------+
; decoder_dig:inst|test                 ; Stuck at VCC due to stuck port data_in ;
; Total Number of Removed Registers = 1 ;                                        ;
+---------------------------------------+----------------------------------------+


+------------------------------------------------------+
; General Register Statistics                          ;
+----------------------------------------------+-------+
; Statistic                                    ; Value ;
+----------------------------------------------+-------+
; Total registers                              ; 512   ;
; Number of registers using Synchronous Clear  ; 120   ;
; Number of registers using Synchronous Load   ; 0     ;
; Number of registers using Asynchronous Clear ; 0     ;
; Number of registers using Asynchronous Load  ; 0     ;
; Number of registers using Clock Enable       ; 142   ;
; Number of registers using Preset             ; 0     ;
+----------------------------------------------+-------+


+-----------------------------------------------------+
; Inverted Register Statistics                        ;
+-------------------------------------------+---------+
; Inverted Register                         ; Fan out ;
+-------------------------------------------+---------+
; spi_slave:inst3|TxData[7]                 ; 1       ;
; decoder_dig:inst|counts2[10][17]          ; 2       ;
; decoder_dig:inst|counts2[10][19]          ; 2       ;
; decoder_dig:inst|counts2[10][15]          ; 2       ;
; decoder_dig:inst|counts2[10][5]           ; 2       ;
; decoder_dig:inst|counts2[10][6]           ; 2       ;
; decoder_dig:inst|counts2[10][9]           ; 2       ;
; decoder_dig:inst|counts2[10][10]          ; 2       ;
; decoder_dig:inst|counts2[10][11]          ; 2       ;
; decoder_dig:inst|counts2[10][13]          ; 3       ;
; decoder_dig:inst|counts2[6][17]           ; 2       ;
; decoder_dig:inst|counts2[6][19]           ; 2       ;
; decoder_dig:inst|counts2[6][15]           ; 2       ;
; decoder_dig:inst|counts2[6][5]            ; 2       ;
; decoder_dig:inst|counts2[6][6]            ; 2       ;
; decoder_dig:inst|counts2[6][9]            ; 2       ;
; decoder_dig:inst|counts2[6][10]           ; 2       ;
; decoder_dig:inst|counts2[6][11]           ; 2       ;
; decoder_dig:inst|counts2[6][13]           ; 3       ;
; decoder_dig:inst|counts2[2][17]           ; 2       ;
; decoder_dig:inst|counts2[2][19]           ; 2       ;
; decoder_dig:inst|counts2[2][15]           ; 2       ;
; decoder_dig:inst|counts2[2][5]            ; 2       ;
; decoder_dig:inst|counts2[2][6]            ; 2       ;
; decoder_dig:inst|counts2[2][9]            ; 2       ;
; decoder_dig:inst|counts2[2][10]           ; 2       ;
; decoder_dig:inst|counts2[2][11]           ; 2       ;
; decoder_dig:inst|counts2[2][13]           ; 3       ;
; decoder_dig:inst|counts2[14][17]          ; 2       ;
; decoder_dig:inst|counts2[14][19]          ; 2       ;
; decoder_dig:inst|counts2[14][15]          ; 2       ;
; decoder_dig:inst|counts2[14][5]           ; 2       ;
; decoder_dig:inst|counts2[14][6]           ; 2       ;
; decoder_dig:inst|counts2[14][9]           ; 2       ;
; decoder_dig:inst|counts2[14][10]          ; 2       ;
; decoder_dig:inst|counts2[14][11]          ; 2       ;
; decoder_dig:inst|counts2[14][13]          ; 3       ;
; decoder_dig:inst|counts2[5][17]           ; 2       ;
; decoder_dig:inst|counts2[5][19]           ; 2       ;
; decoder_dig:inst|counts2[5][15]           ; 2       ;
; decoder_dig:inst|counts2[5][5]            ; 2       ;
; decoder_dig:inst|counts2[5][6]            ; 2       ;
; decoder_dig:inst|counts2[5][9]            ; 2       ;
; decoder_dig:inst|counts2[5][10]           ; 2       ;
; decoder_dig:inst|counts2[5][11]           ; 2       ;
; decoder_dig:inst|counts2[5][13]           ; 3       ;
; decoder_dig:inst|counts2[9][17]           ; 2       ;
; decoder_dig:inst|counts2[9][19]           ; 2       ;
; decoder_dig:inst|counts2[9][15]           ; 2       ;
; decoder_dig:inst|counts2[9][5]            ; 2       ;
; decoder_dig:inst|counts2[9][6]            ; 2       ;
; decoder_dig:inst|counts2[9][9]            ; 2       ;
; decoder_dig:inst|counts2[9][10]           ; 2       ;
; decoder_dig:inst|counts2[9][11]           ; 2       ;
; decoder_dig:inst|counts2[9][13]           ; 3       ;
; decoder_dig:inst|counts2[1][17]           ; 2       ;
; decoder_dig:inst|counts2[1][19]           ; 2       ;
; decoder_dig:inst|counts2[1][15]           ; 2       ;
; decoder_dig:inst|counts2[1][5]            ; 2       ;
; decoder_dig:inst|counts2[1][6]            ; 2       ;
; decoder_dig:inst|counts2[1][9]            ; 2       ;
; decoder_dig:inst|counts2[1][10]           ; 2       ;
; decoder_dig:inst|counts2[1][11]           ; 2       ;
; decoder_dig:inst|counts2[1][13]           ; 3       ;
; decoder_dig:inst|counts2[13][17]          ; 2       ;
; decoder_dig:inst|counts2[13][19]          ; 2       ;
; decoder_dig:inst|counts2[13][15]          ; 2       ;
; decoder_dig:inst|counts2[13][5]           ; 2       ;
; decoder_dig:inst|counts2[13][6]           ; 2       ;
; decoder_dig:inst|counts2[13][9]           ; 2       ;
; decoder_dig:inst|counts2[13][10]          ; 2       ;
; decoder_dig:inst|counts2[13][11]          ; 2       ;
; decoder_dig:inst|counts2[13][13]          ; 3       ;
; decoder_dig:inst|counts2[8][17]           ; 2       ;
; decoder_dig:inst|counts2[8][19]           ; 2       ;
; decoder_dig:inst|counts2[8][15]           ; 2       ;
; decoder_dig:inst|counts2[8][5]            ; 2       ;
; decoder_dig:inst|counts2[8][6]            ; 2       ;
; decoder_dig:inst|counts2[8][9]            ; 2       ;
; decoder_dig:inst|counts2[8][10]           ; 2       ;
; decoder_dig:inst|counts2[8][11]           ; 2       ;
; decoder_dig:inst|counts2[8][13]           ; 3       ;
; decoder_dig:inst|counts2[4][17]           ; 2       ;
; decoder_dig:inst|counts2[4][19]           ; 2       ;
; decoder_dig:inst|counts2[4][15]           ; 2       ;
; decoder_dig:inst|counts2[4][5]            ; 2       ;
; decoder_dig:inst|counts2[4][6]            ; 2       ;
; decoder_dig:inst|counts2[4][9]            ; 2       ;
; decoder_dig:inst|counts2[4][10]           ; 2       ;
; decoder_dig:inst|counts2[4][11]           ; 2       ;
; decoder_dig:inst|counts2[4][13]           ; 3       ;
; decoder_dig:inst|counts2[0][17]           ; 2       ;
; decoder_dig:inst|counts2[0][19]           ; 2       ;
; decoder_dig:inst|counts2[0][15]           ; 2       ;
; decoder_dig:inst|counts2[0][5]            ; 2       ;
; decoder_dig:inst|counts2[0][6]            ; 2       ;
; decoder_dig:inst|counts2[0][9]            ; 2       ;
; decoder_dig:inst|counts2[0][10]           ; 2       ;
; decoder_dig:inst|counts2[0][11]           ; 2       ;
; decoder_dig:inst|counts2[0][13]           ; 3       ;
; Total number of inverted registers = 148* ;         ;
+-------------------------------------------+---------+
* Table truncated at 100 items. To change the number of inverted registers reported, set the "Number of Inverted Registers Reported" option under Assignments->Settings->Analysis and Synthesis Settings->More Settings


+-----------------------------------------------------------------------------------------------------------------------------------------------------------+
; Multiplexer Restructuring Statistics (Restructuring Performed)                                                                                            ;
+--------------------+-----------+---------------+----------------------+------------------------+------------+---------------------------------------------+
; Multiplexer Inputs ; Bus Width ; Baseline Area ; Area if Restructured ; Saving if Restructured ; Registered ; Example Multiplexer Output                  ;
+--------------------+-----------+---------------+----------------------+------------------------+------------+---------------------------------------------+
; 3:1                ; 11 bits   ; 22 LEs        ; 11 LEs               ; 11 LEs                 ; Yes        ; |main_part|decoder_dig:inst|counts2[0][16]  ;
; 3:1                ; 11 bits   ; 22 LEs        ; 11 LEs               ; 11 LEs                 ; Yes        ; |main_part|decoder_dig:inst|counts2[1][18]  ;
; 3:1                ; 11 bits   ; 22 LEs        ; 11 LEs               ; 11 LEs                 ; Yes        ; |main_part|decoder_dig:inst|counts2[2][18]  ;
; 3:1                ; 11 bits   ; 22 LEs        ; 11 LEs               ; 11 LEs                 ; Yes        ; |main_part|decoder_dig:inst|counts2[3][14]  ;
; 3:1                ; 11 bits   ; 22 LEs        ; 11 LEs               ; 11 LEs                 ; Yes        ; |main_part|decoder_dig:inst|counts2[4][8]   ;
; 3:1                ; 11 bits   ; 22 LEs        ; 11 LEs               ; 11 LEs                 ; Yes        ; |main_part|decoder_dig:inst|counts2[5][7]   ;
; 3:1                ; 11 bits   ; 22 LEs        ; 11 LEs               ; 11 LEs                 ; Yes        ; |main_part|decoder_dig:inst|counts2[6][2]   ;
; 3:1                ; 11 bits   ; 22 LEs        ; 11 LEs               ; 11 LEs                 ; Yes        ; |main_part|decoder_dig:inst|counts2[7][7]   ;
; 3:1                ; 11 bits   ; 22 LEs        ; 11 LEs               ; 11 LEs                 ; Yes        ; |main_part|decoder_dig:inst|counts2[8][12]  ;
; 3:1                ; 11 bits   ; 22 LEs        ; 11 LEs               ; 11 LEs                 ; Yes        ; |main_part|decoder_dig:inst|counts2[9][8]   ;
; 3:1                ; 11 bits   ; 22 LEs        ; 11 LEs               ; 11 LEs                 ; Yes        ; |main_part|decoder_dig:inst|counts2[10][18] ;
; 3:1                ; 11 bits   ; 22 LEs        ; 11 LEs               ; 11 LEs                 ; Yes        ; |main_part|decoder_dig:inst|counts2[11][14] ;
; 3:1                ; 11 bits   ; 22 LEs        ; 11 LEs               ; 11 LEs                 ; Yes        ; |main_part|decoder_dig:inst|counts2[12][16] ;
; 3:1                ; 11 bits   ; 22 LEs        ; 11 LEs               ; 11 LEs                 ; Yes        ; |main_part|decoder_dig:inst|counts2[13][7]  ;
; 3:1                ; 11 bits   ; 22 LEs        ; 11 LEs               ; 11 LEs                 ; Yes        ; |main_part|decoder_dig:inst|counts2[14][4]  ;
; 3:1                ; 11 bits   ; 22 LEs        ; 11 LEs               ; 11 LEs                 ; Yes        ; |main_part|decoder_dig:inst|counts2[15][0]  ;
; 3:1                ; 3 bits    ; 6 LEs         ; 3 LEs                ; 3 LEs                  ; Yes        ; |main_part|spi_slave:inst3|TxData[4]        ;
; 4:1                ; 7 bits    ; 14 LEs        ; 7 LEs                ; 7 LEs                  ; Yes        ; |main_part|decoder_dig:inst|counts[0][3]    ;
; 4:1                ; 7 bits    ; 14 LEs        ; 7 LEs                ; 7 LEs                  ; Yes        ; |main_part|decoder_dig:inst|counts[1][3]    ;
; 4:1                ; 7 bits    ; 14 LEs        ; 7 LEs                ; 7 LEs                  ; Yes        ; |main_part|decoder_dig:inst|counts[2][1]    ;
; 4:1                ; 7 bits    ; 14 LEs        ; 7 LEs                ; 7 LEs                  ; Yes        ; |main_part|decoder_dig:inst|counts[3][6]    ;
; 4:1                ; 7 bits    ; 14 LEs        ; 7 LEs                ; 7 LEs                  ; Yes        ; |main_part|decoder_dig:inst|counts[4][3]    ;
; 4:1                ; 7 bits    ; 14 LEs        ; 7 LEs                ; 7 LEs                  ; Yes        ; |main_part|decoder_dig:inst|counts[5][1]    ;
; 4:1                ; 7 bits    ; 14 LEs        ; 7 LEs                ; 7 LEs                  ; Yes        ; |main_part|decoder_dig:inst|counts[6][5]    ;
; 4:1                ; 7 bits    ; 14 LEs        ; 7 LEs                ; 7 LEs                  ; Yes        ; |main_part|decoder_dig:inst|counts[7][4]    ;
; 4:1                ; 7 bits    ; 14 LEs        ; 7 LEs                ; 7 LEs                  ; Yes        ; |main_part|decoder_dig:inst|counts[8][6]    ;
; 4:1                ; 7 bits    ; 14 LEs        ; 7 LEs                ; 7 LEs                  ; Yes        ; |main_part|decoder_dig:inst|counts[9][3]    ;
; 4:1                ; 7 bits    ; 14 LEs        ; 7 LEs                ; 7 LEs                  ; Yes        ; |main_part|decoder_dig:inst|counts[10][5]   ;
; 4:1                ; 7 bits    ; 14 LEs        ; 7 LEs                ; 7 LEs                  ; Yes        ; |main_part|decoder_dig:inst|counts[11][6]   ;
; 4:1                ; 7 bits    ; 14 LEs        ; 7 LEs                ; 7 LEs                  ; Yes        ; |main_part|decoder_dig:inst|counts[12][5]   ;
; 4:1                ; 7 bits    ; 14 LEs        ; 7 LEs                ; 7 LEs                  ; Yes        ; |main_part|decoder_dig:inst|counts[13][1]   ;
; 4:1                ; 7 bits    ; 14 LEs        ; 7 LEs                ; 7 LEs                  ; Yes        ; |main_part|decoder_dig:inst|counts[14][6]   ;
; 4:1                ; 7 bits    ; 14 LEs        ; 7 LEs                ; 7 LEs                  ; Yes        ; |main_part|decoder_dig:inst|counts[15][2]   ;
; 4:1                ; 3 bits    ; 6 LEs         ; 3 LEs                ; 3 LEs                  ; Yes        ; |main_part|spi_slave:inst3|index[2]         ;
; 4:1                ; 4 bits    ; 8 LEs         ; 4 LEs                ; 4 LEs                  ; Yes        ; |main_part|decoder_dig:inst|nn[3]           ;
; 256:1              ; 8 bits    ; 1360 LEs      ; 16 LEs               ; 1344 LEs               ; Yes        ; |main_part|DECIDER:inst9|DATA_out[5]        ;
; 3:1                ; 9 bits    ; 18 LEs        ; 9 LEs                ; 9 LEs                  ; Yes        ; |main_part|decoder_dig:inst|counts2[0][11]  ;
; 3:1                ; 9 bits    ; 18 LEs        ; 9 LEs                ; 9 LEs                  ; Yes        ; |main_part|decoder_dig:inst|counts2[1][13]  ;
; 3:1                ; 9 bits    ; 18 LEs        ; 9 LEs                ; 9 LEs                  ; Yes        ; |main_part|decoder_dig:inst|counts2[2][9]   ;
; 3:1                ; 9 bits    ; 18 LEs        ; 9 LEs                ; 9 LEs                  ; Yes        ; |main_part|decoder_dig:inst|counts2[3][6]   ;
; 3:1                ; 9 bits    ; 18 LEs        ; 9 LEs                ; 9 LEs                  ; Yes        ; |main_part|decoder_dig:inst|counts2[4][13]  ;
; 3:1                ; 9 bits    ; 18 LEs        ; 9 LEs                ; 9 LEs                  ; Yes        ; |main_part|decoder_dig:inst|counts2[5][6]   ;
; 3:1                ; 9 bits    ; 18 LEs        ; 9 LEs                ; 9 LEs                  ; Yes        ; |main_part|decoder_dig:inst|counts2[6][17]  ;
; 3:1                ; 9 bits    ; 18 LEs        ; 9 LEs                ; 9 LEs                  ; Yes        ; |main_part|decoder_dig:inst|counts2[7][9]   ;
; 3:1                ; 9 bits    ; 18 LEs        ; 9 LEs                ; 9 LEs                  ; Yes        ; |main_part|decoder_dig:inst|counts2[8][5]   ;
; 3:1                ; 9 bits    ; 18 LEs        ; 9 LEs                ; 9 LEs                  ; Yes        ; |main_part|decoder_dig:inst|counts2[9][6]   ;
; 3:1                ; 9 bits    ; 18 LEs        ; 9 LEs                ; 9 LEs                  ; Yes        ; |main_part|decoder_dig:inst|counts2[10][17] ;
; 3:1                ; 9 bits    ; 18 LEs        ; 9 LEs                ; 9 LEs                  ; Yes        ; |main_part|decoder_dig:inst|counts2[11][9]  ;
; 3:1                ; 9 bits    ; 18 LEs        ; 9 LEs                ; 9 LEs                  ; Yes        ; |main_part|decoder_dig:inst|counts2[12][13] ;
; 3:1                ; 9 bits    ; 18 LEs        ; 9 LEs                ; 9 LEs                  ; Yes        ; |main_part|decoder_dig:inst|counts2[13][19] ;
; 3:1                ; 9 bits    ; 18 LEs        ; 9 LEs                ; 9 LEs                  ; Yes        ; |main_part|decoder_dig:inst|counts2[14][6]  ;
; 3:1                ; 9 bits    ; 18 LEs        ; 9 LEs                ; 9 LEs                  ; Yes        ; |main_part|decoder_dig:inst|counts2[15][10] ;
; 3:1                ; 4 bits    ; 8 LEs         ; 4 LEs                ; 4 LEs                  ; Yes        ; |main_part|spi_slave:inst3|TxData[5]        ;
+--------------------+-----------+---------------+----------------------+------------------------+------------+---------------------------------------------+


+---------------------------------------------------------------------------------+
; Parameter Settings for User Entity Instance: pll9:inst1|altpll:altpll_component ;
+-------------------------------+-------------------+-----------------------------+
; Parameter Name                ; Value             ; Type                        ;
+-------------------------------+-------------------+-----------------------------+
; OPERATION_MODE                ; NORMAL            ; Untyped                     ;
; PLL_TYPE                      ; AUTO              ; Untyped                     ;
; QUALIFY_CONF_DONE             ; OFF               ; Untyped                     ;
; COMPENSATE_CLOCK              ; CLK0              ; Untyped                     ;
; SCAN_CHAIN                    ; LONG              ; Untyped                     ;
; PRIMARY_CLOCK                 ; INCLK0            ; Untyped                     ;
; INCLK0_INPUT_FREQUENCY        ; 10000             ; Signed Integer              ;
; INCLK1_INPUT_FREQUENCY        ; 0                 ; Untyped                     ;
; GATE_LOCK_SIGNAL              ; NO                ; Untyped                     ;
; GATE_LOCK_COUNTER             ; 0                 ; Untyped                     ;
; LOCK_HIGH                     ; 1                 ; Untyped                     ;
; LOCK_LOW                      ; 1                 ; Untyped                     ;
; VALID_LOCK_MULTIPLIER         ; 1                 ; Untyped                     ;
; INVALID_LOCK_MULTIPLIER       ; 5                 ; Untyped                     ;
; SWITCH_OVER_ON_LOSSCLK        ; OFF               ; Untyped                     ;
; SWITCH_OVER_ON_GATED_LOCK     ; OFF               ; Untyped                     ;
; ENABLE_SWITCH_OVER_COUNTER    ; OFF               ; Untyped                     ;
; SKIP_VCO                      ; OFF               ; Untyped                     ;
; SWITCH_OVER_COUNTER           ; 0                 ; Untyped                     ;
; SWITCH_OVER_TYPE              ; AUTO              ; Untyped                     ;
; FEEDBACK_SOURCE               ; EXTCLK0           ; Untyped                     ;
; BANDWIDTH                     ; 0                 ; Untyped                     ;
; BANDWIDTH_TYPE                ; AUTO              ; Untyped                     ;
; SPREAD_FREQUENCY              ; 0                 ; Untyped                     ;
; DOWN_SPREAD                   ; 0                 ; Untyped                     ;
; SELF_RESET_ON_GATED_LOSS_LOCK ; OFF               ; Untyped                     ;
; SELF_RESET_ON_LOSS_LOCK       ; OFF               ; Untyped                     ;
; CLK9_MULTIPLY_BY              ; 0                 ; Untyped                     ;
; CLK8_MULTIPLY_BY              ; 0                 ; Untyped                     ;
; CLK7_MULTIPLY_BY              ; 0                 ; Untyped                     ;
; CLK6_MULTIPLY_BY              ; 0                 ; Untyped                     ;
; CLK5_MULTIPLY_BY              ; 1                 ; Untyped                     ;
; CLK4_MULTIPLY_BY              ; 1                 ; Untyped                     ;
; CLK3_MULTIPLY_BY              ; 1                 ; Untyped                     ;
; CLK2_MULTIPLY_BY              ; 1                 ; Signed Integer              ;
; CLK1_MULTIPLY_BY              ; 1                 ; Signed Integer              ;
; CLK0_MULTIPLY_BY              ; 1                 ; Signed Integer              ;
; CLK9_DIVIDE_BY                ; 0                 ; Untyped                     ;
; CLK8_DIVIDE_BY                ; 0                 ; Untyped                     ;
; CLK7_DIVIDE_BY                ; 0                 ; Untyped                     ;
; CLK6_DIVIDE_BY                ; 0                 ; Untyped                     ;
; CLK5_DIVIDE_BY                ; 1                 ; Untyped                     ;
; CLK4_DIVIDE_BY                ; 1                 ; Untyped                     ;
; CLK3_DIVIDE_BY                ; 1                 ; Untyped                     ;
; CLK2_DIVIDE_BY                ; 50                ; Signed Integer              ;
; CLK1_DIVIDE_BY                ; 25                ; Signed Integer              ;
; CLK0_DIVIDE_BY                ; 10                ; Signed Integer              ;
; CLK9_PHASE_SHIFT              ; 0                 ; Untyped                     ;
; CLK8_PHASE_SHIFT              ; 0                 ; Untyped                     ;
; CLK7_PHASE_SHIFT              ; 0                 ; Untyped                     ;
; CLK6_PHASE_SHIFT              ; 0                 ; Untyped                     ;
; CLK5_PHASE_SHIFT              ; 0                 ; Untyped                     ;
; CLK4_PHASE_SHIFT              ; 0                 ; Untyped                     ;
; CLK3_PHASE_SHIFT              ; 0                 ; Untyped                     ;
; CLK2_PHASE_SHIFT              ; 0                 ; Untyped                     ;
; CLK1_PHASE_SHIFT              ; 0                 ; Untyped                     ;
; CLK0_PHASE_SHIFT              ; 0                 ; Untyped                     ;
; CLK5_TIME_DELAY               ; 0                 ; Untyped                     ;
; CLK4_TIME_DELAY               ; 0                 ; Untyped                     ;
; CLK3_TIME_DELAY               ; 0                 ; Untyped                     ;
; CLK2_TIME_DELAY               ; 0                 ; Untyped                     ;
; CLK1_TIME_DELAY               ; 0                 ; Untyped                     ;
; CLK0_TIME_DELAY               ; 0                 ; Untyped                     ;
; CLK9_DUTY_CYCLE               ; 50                ; Untyped                     ;
; CLK8_DUTY_CYCLE               ; 50                ; Untyped                     ;
; CLK7_DUTY_CYCLE               ; 50                ; Untyped                     ;
; CLK6_DUTY_CYCLE               ; 50                ; Untyped                     ;
; CLK5_DUTY_CYCLE               ; 50                ; Untyped                     ;
; CLK4_DUTY_CYCLE               ; 50                ; Untyped                     ;
; CLK3_DUTY_CYCLE               ; 50                ; Untyped                     ;
; CLK2_DUTY_CYCLE               ; 50                ; Signed Integer              ;
; CLK1_DUTY_CYCLE               ; 50                ; Signed Integer              ;
; CLK0_DUTY_CYCLE               ; 50                ; Signed Integer              ;
; CLK9_USE_EVEN_COUNTER_MODE    ; OFF               ; Untyped                     ;
; CLK8_USE_EVEN_COUNTER_MODE    ; OFF               ; Untyped                     ;
; CLK7_USE_EVEN_COUNTER_MODE    ; OFF               ; Untyped                     ;
; CLK6_USE_EVEN_COUNTER_MODE    ; OFF               ; Untyped                     ;
; CLK5_USE_EVEN_COUNTER_MODE    ; OFF               ; Untyped                     ;
; CLK4_USE_EVEN_COUNTER_MODE    ; OFF               ; Untyped                     ;
; CLK3_USE_EVEN_COUNTER_MODE    ; OFF               ; Untyped                     ;
; CLK2_USE_EVEN_COUNTER_MODE    ; OFF               ; Untyped                     ;
; CLK1_USE_EVEN_COUNTER_MODE    ; OFF               ; Untyped                     ;
; CLK0_USE_EVEN_COUNTER_MODE    ; OFF               ; Untyped                     ;
; CLK9_USE_EVEN_COUNTER_VALUE   ; OFF               ; Untyped                     ;
; CLK8_USE_EVEN_COUNTER_VALUE   ; OFF               ; Untyped                     ;
; CLK7_USE_EVEN_COUNTER_VALUE   ; OFF               ; Untyped                     ;
; CLK6_USE_EVEN_COUNTER_VALUE   ; OFF               ; Untyped                     ;
; CLK5_USE_EVEN_COUNTER_VALUE   ; OFF               ; Untyped                     ;
; CLK4_USE_EVEN_COUNTER_VALUE   ; OFF               ; Untyped                     ;
; CLK3_USE_EVEN_COUNTER_VALUE   ; OFF               ; Untyped                     ;
; CLK2_USE_EVEN_COUNTER_VALUE   ; OFF               ; Untyped                     ;
; CLK1_USE_EVEN_COUNTER_VALUE   ; OFF               ; Untyped                     ;
; CLK0_USE_EVEN_COUNTER_VALUE   ; OFF               ; Untyped                     ;
; LOCK_WINDOW_UI                ;  0.05             ; Untyped                     ;
; LOCK_WINDOW_UI_BITS           ; UNUSED            ; Untyped                     ;
; VCO_RANGE_DETECTOR_LOW_BITS   ; UNUSED            ; Untyped                     ;
; VCO_RANGE_DETECTOR_HIGH_BITS  ; UNUSED            ; Untyped                     ;
; DPA_MULTIPLY_BY               ; 0                 ; Untyped                     ;
; DPA_DIVIDE_BY                 ; 1                 ; Untyped                     ;
; DPA_DIVIDER                   ; 0                 ; Untyped                     ;
; EXTCLK3_MULTIPLY_BY           ; 1                 ; Untyped                     ;
; EXTCLK2_MULTIPLY_BY           ; 1                 ; Untyped                     ;
; EXTCLK1_MULTIPLY_BY           ; 1                 ; Untyped                     ;
; EXTCLK0_MULTIPLY_BY           ; 1                 ; Untyped                     ;
; EXTCLK3_DIVIDE_BY             ; 1                 ; Untyped                     ;
; EXTCLK2_DIVIDE_BY             ; 1                 ; Untyped                     ;
; EXTCLK1_DIVIDE_BY             ; 1                 ; Untyped                     ;
; EXTCLK0_DIVIDE_BY             ; 1                 ; Untyped                     ;
; EXTCLK3_PHASE_SHIFT           ; 0                 ; Untyped                     ;
; EXTCLK2_PHASE_SHIFT           ; 0                 ; Untyped                     ;
; EXTCLK1_PHASE_SHIFT           ; 0                 ; Untyped                     ;
; EXTCLK0_PHASE_SHIFT           ; 0                 ; Untyped                     ;
; EXTCLK3_TIME_DELAY            ; 0                 ; Untyped                     ;
; EXTCLK2_TIME_DELAY            ; 0                 ; Untyped                     ;
; EXTCLK1_TIME_DELAY            ; 0                 ; Untyped                     ;
; EXTCLK0_TIME_DELAY            ; 0                 ; Untyped                     ;
; EXTCLK3_DUTY_CYCLE            ; 50                ; Untyped                     ;
; EXTCLK2_DUTY_CYCLE            ; 50                ; Untyped                     ;
; EXTCLK1_DUTY_CYCLE            ; 50                ; Untyped                     ;
; EXTCLK0_DUTY_CYCLE            ; 50                ; Untyped                     ;
; VCO_MULTIPLY_BY               ; 0                 ; Untyped                     ;
; VCO_DIVIDE_BY                 ; 0                 ; Untyped                     ;
; SCLKOUT0_PHASE_SHIFT          ; 0                 ; Untyped                     ;
; SCLKOUT1_PHASE_SHIFT          ; 0                 ; Untyped                     ;
; VCO_MIN                       ; 0                 ; Untyped                     ;
; VCO_MAX                       ; 0                 ; Untyped                     ;
; VCO_CENTER                    ; 0                 ; Untyped                     ;
; PFD_MIN                       ; 0                 ; Untyped                     ;
; PFD_MAX                       ; 0                 ; Untyped                     ;
; M_INITIAL                     ; 0                 ; Untyped                     ;
; M                             ; 0                 ; Untyped                     ;
; N                             ; 1                 ; Untyped                     ;
; M2                            ; 1                 ; Untyped                     ;
; N2                            ; 1                 ; Untyped                     ;
; SS                            ; 1                 ; Untyped                     ;
; C0_HIGH                       ; 0                 ; Untyped                     ;
; C1_HIGH                       ; 0                 ; Untyped                     ;
; C2_HIGH                       ; 0                 ; Untyped                     ;
; C3_HIGH                       ; 0                 ; Untyped                     ;
; C4_HIGH                       ; 0                 ; Untyped                     ;
; C5_HIGH                       ; 0                 ; Untyped                     ;
; C6_HIGH                       ; 0                 ; Untyped                     ;
; C7_HIGH                       ; 0                 ; Untyped                     ;
; C8_HIGH                       ; 0                 ; Untyped                     ;
; C9_HIGH                       ; 0                 ; Untyped                     ;
; C0_LOW                        ; 0                 ; Untyped                     ;
; C1_LOW                        ; 0                 ; Untyped                     ;
; C2_LOW                        ; 0                 ; Untyped                     ;
; C3_LOW                        ; 0                 ; Untyped                     ;
; C4_LOW                        ; 0                 ; Untyped                     ;
; C5_LOW                        ; 0                 ; Untyped                     ;
; C6_LOW                        ; 0                 ; Untyped                     ;
; C7_LOW                        ; 0                 ; Untyped                     ;
; C8_LOW                        ; 0                 ; Untyped                     ;
; C9_LOW                        ; 0                 ; Untyped                     ;
; C0_INITIAL                    ; 0                 ; Untyped                     ;
; C1_INITIAL                    ; 0                 ; Untyped                     ;
; C2_INITIAL                    ; 0                 ; Untyped                     ;
; C3_INITIAL                    ; 0                 ; Untyped                     ;
; C4_INITIAL                    ; 0                 ; Untyped                     ;
; C5_INITIAL                    ; 0                 ; Untyped                     ;
; C6_INITIAL                    ; 0                 ; Untyped                     ;
; C7_INITIAL                    ; 0                 ; Untyped                     ;
; C8_INITIAL                    ; 0                 ; Untyped                     ;
; C9_INITIAL                    ; 0                 ; Untyped                     ;
; C0_MODE                       ; BYPASS            ; Untyped                     ;
; C1_MODE                       ; BYPASS            ; Untyped                     ;
; C2_MODE                       ; BYPASS            ; Untyped                     ;
; C3_MODE                       ; BYPASS            ; Untyped                     ;
; C4_MODE                       ; BYPASS            ; Untyped                     ;
; C5_MODE                       ; BYPASS            ; Untyped                     ;
; C6_MODE                       ; BYPASS            ; Untyped                     ;
; C7_MODE                       ; BYPASS            ; Untyped                     ;
; C8_MODE                       ; BYPASS            ; Untyped                     ;
; C9_MODE                       ; BYPASS            ; Untyped                     ;
; C0_PH                         ; 0                 ; Untyped                     ;
; C1_PH                         ; 0                 ; Untyped                     ;
; C2_PH                         ; 0                 ; Untyped                     ;
; C3_PH                         ; 0                 ; Untyped                     ;
; C4_PH                         ; 0                 ; Untyped                     ;
; C5_PH                         ; 0                 ; Untyped                     ;
; C6_PH                         ; 0                 ; Untyped                     ;
; C7_PH                         ; 0                 ; Untyped                     ;
; C8_PH                         ; 0                 ; Untyped                     ;
; C9_PH                         ; 0                 ; Untyped                     ;
; L0_HIGH                       ; 1                 ; Untyped                     ;
; L1_HIGH                       ; 1                 ; Untyped                     ;
; G0_HIGH                       ; 1                 ; Untyped                     ;
; G1_HIGH                       ; 1                 ; Untyped                     ;
; G2_HIGH                       ; 1                 ; Untyped                     ;
; G3_HIGH                       ; 1                 ; Untyped                     ;
; E0_HIGH                       ; 1                 ; Untyped                     ;
; E1_HIGH                       ; 1                 ; Untyped                     ;
; E2_HIGH                       ; 1                 ; Untyped                     ;
; E3_HIGH                       ; 1                 ; Untyped                     ;
; L0_LOW                        ; 1                 ; Untyped                     ;
; L1_LOW                        ; 1                 ; Untyped                     ;
; G0_LOW                        ; 1                 ; Untyped                     ;
; G1_LOW                        ; 1                 ; Untyped                     ;
; G2_LOW                        ; 1                 ; Untyped                     ;
; G3_LOW                        ; 1                 ; Untyped                     ;
; E0_LOW                        ; 1                 ; Untyped                     ;
; E1_LOW                        ; 1                 ; Untyped                     ;
; E2_LOW                        ; 1                 ; Untyped                     ;
; E3_LOW                        ; 1                 ; Untyped                     ;
; L0_INITIAL                    ; 1                 ; Untyped                     ;
; L1_INITIAL                    ; 1                 ; Untyped                     ;
; G0_INITIAL                    ; 1                 ; Untyped                     ;
; G1_INITIAL                    ; 1                 ; Untyped                     ;
; G2_INITIAL                    ; 1                 ; Untyped                     ;
; G3_INITIAL                    ; 1                 ; Untyped                     ;
; E0_INITIAL                    ; 1                 ; Untyped                     ;
; E1_INITIAL                    ; 1                 ; Untyped                     ;
; E2_INITIAL                    ; 1                 ; Untyped                     ;
; E3_INITIAL                    ; 1                 ; Untyped                     ;
; L0_MODE                       ; BYPASS            ; Untyped                     ;
; L1_MODE                       ; BYPASS            ; Untyped                     ;
; G0_MODE                       ; BYPASS            ; Untyped                     ;
; G1_MODE                       ; BYPASS            ; Untyped                     ;
; G2_MODE                       ; BYPASS            ; Untyped                     ;
; G3_MODE                       ; BYPASS            ; Untyped                     ;
; E0_MODE                       ; BYPASS            ; Untyped                     ;
; E1_MODE                       ; BYPASS            ; Untyped                     ;
; E2_MODE                       ; BYPASS            ; Untyped                     ;
; E3_MODE                       ; BYPASS            ; Untyped                     ;
; L0_PH                         ; 0                 ; Untyped                     ;
; L1_PH                         ; 0                 ; Untyped                     ;
; G0_PH                         ; 0                 ; Untyped                     ;
; G1_PH                         ; 0                 ; Untyped                     ;
; G2_PH                         ; 0                 ; Untyped                     ;
; G3_PH                         ; 0                 ; Untyped                     ;
; E0_PH                         ; 0                 ; Untyped                     ;
; E1_PH                         ; 0                 ; Untyped                     ;
; E2_PH                         ; 0                 ; Untyped                     ;
; E3_PH                         ; 0                 ; Untyped                     ;
; M_PH                          ; 0                 ; Untyped                     ;
; C1_USE_CASC_IN                ; OFF               ; Untyped                     ;
; C2_USE_CASC_IN                ; OFF               ; Untyped                     ;
; C3_USE_CASC_IN                ; OFF               ; Untyped                     ;
; C4_USE_CASC_IN                ; OFF               ; Untyped                     ;
; C5_USE_CASC_IN                ; OFF               ; Untyped                     ;
; C6_USE_CASC_IN                ; OFF               ; Untyped                     ;
; C7_USE_CASC_IN                ; OFF               ; Untyped                     ;
; C8_USE_CASC_IN                ; OFF               ; Untyped                     ;
; C9_USE_CASC_IN                ; OFF               ; Untyped                     ;
; CLK0_COUNTER                  ; G0                ; Untyped                     ;
; CLK1_COUNTER                  ; G0                ; Untyped                     ;
; CLK2_COUNTER                  ; G0                ; Untyped                     ;
; CLK3_COUNTER                  ; G0                ; Untyped                     ;
; CLK4_COUNTER                  ; G0                ; Untyped                     ;
; CLK5_COUNTER                  ; G0                ; Untyped                     ;
; CLK6_COUNTER                  ; E0                ; Untyped                     ;
; CLK7_COUNTER                  ; E1                ; Untyped                     ;
; CLK8_COUNTER                  ; E2                ; Untyped                     ;
; CLK9_COUNTER                  ; E3                ; Untyped                     ;
; L0_TIME_DELAY                 ; 0                 ; Untyped                     ;
; L1_TIME_DELAY                 ; 0                 ; Untyped                     ;
; G0_TIME_DELAY                 ; 0                 ; Untyped                     ;
; G1_TIME_DELAY                 ; 0                 ; Untyped                     ;
; G2_TIME_DELAY                 ; 0                 ; Untyped                     ;
; G3_TIME_DELAY                 ; 0                 ; Untyped                     ;
; E0_TIME_DELAY                 ; 0                 ; Untyped                     ;
; E1_TIME_DELAY                 ; 0                 ; Untyped                     ;
; E2_TIME_DELAY                 ; 0                 ; Untyped                     ;
; E3_TIME_DELAY                 ; 0                 ; Untyped                     ;
; M_TIME_DELAY                  ; 0                 ; Untyped                     ;
; N_TIME_DELAY                  ; 0                 ; Untyped                     ;
; EXTCLK3_COUNTER               ; E3                ; Untyped                     ;
; EXTCLK2_COUNTER               ; E2                ; Untyped                     ;
; EXTCLK1_COUNTER               ; E1                ; Untyped                     ;
; EXTCLK0_COUNTER               ; E0                ; Untyped                     ;
; ENABLE0_COUNTER               ; L0                ; Untyped                     ;
; ENABLE1_COUNTER               ; L0                ; Untyped                     ;
; CHARGE_PUMP_CURRENT           ; 2                 ; Untyped                     ;
; LOOP_FILTER_R                 ;  1.000000         ; Untyped                     ;
; LOOP_FILTER_C                 ; 5                 ; Untyped                     ;
; CHARGE_PUMP_CURRENT_BITS      ; 9999              ; Untyped                     ;
; LOOP_FILTER_R_BITS            ; 9999              ; Untyped                     ;
; LOOP_FILTER_C_BITS            ; 9999              ; Untyped                     ;
; VCO_POST_SCALE                ; 0                 ; Untyped                     ;
; CLK2_OUTPUT_FREQUENCY         ; 0                 ; Untyped                     ;
; CLK1_OUTPUT_FREQUENCY         ; 0                 ; Untyped                     ;
; CLK0_OUTPUT_FREQUENCY         ; 0                 ; Untyped                     ;
; INTENDED_DEVICE_FAMILY        ; Cyclone III       ; Untyped                     ;
; PORT_CLKENA0                  ; PORT_UNUSED       ; Untyped                     ;
; PORT_CLKENA1                  ; PORT_UNUSED       ; Untyped                     ;
; PORT_CLKENA2                  ; PORT_UNUSED       ; Untyped                     ;
; PORT_CLKENA3                  ; PORT_UNUSED       ; Untyped                     ;
; PORT_CLKENA4                  ; PORT_UNUSED       ; Untyped                     ;
; PORT_CLKENA5                  ; PORT_UNUSED       ; Untyped                     ;
; PORT_EXTCLKENA0               ; PORT_CONNECTIVITY ; Untyped                     ;
; PORT_EXTCLKENA1               ; PORT_CONNECTIVITY ; Untyped                     ;
; PORT_EXTCLKENA2               ; PORT_CONNECTIVITY ; Untyped                     ;
; PORT_EXTCLKENA3               ; PORT_CONNECTIVITY ; Untyped                     ;
; PORT_EXTCLK0                  ; PORT_UNUSED       ; Untyped                     ;
; PORT_EXTCLK1                  ; PORT_UNUSED       ; Untyped                     ;
; PORT_EXTCLK2                  ; PORT_UNUSED       ; Untyped                     ;
; PORT_EXTCLK3                  ; PORT_UNUSED       ; Untyped                     ;
; PORT_CLKBAD0                  ; PORT_UNUSED       ; Untyped                     ;
; PORT_CLKBAD1                  ; PORT_UNUSED       ; Untyped                     ;
; PORT_CLK0                     ; PORT_USED         ; Untyped                     ;
; PORT_CLK1                     ; PORT_USED         ; Untyped                     ;
; PORT_CLK2                     ; PORT_USED         ; Untyped                     ;
; PORT_CLK3                     ; PORT_UNUSED       ; Untyped                     ;
; PORT_CLK4                     ; PORT_UNUSED       ; Untyped                     ;
; PORT_CLK5                     ; PORT_UNUSED       ; Untyped                     ;
; PORT_CLK6                     ; PORT_UNUSED       ; Untyped                     ;
; PORT_CLK7                     ; PORT_UNUSED       ; Untyped                     ;
; PORT_CLK8                     ; PORT_UNUSED       ; Untyped                     ;
; PORT_CLK9                     ; PORT_UNUSED       ; Untyped                     ;
; PORT_SCANDATA                 ; PORT_UNUSED       ; Untyped                     ;
; PORT_SCANDATAOUT              ; PORT_UNUSED       ; Untyped                     ;
; PORT_SCANDONE                 ; PORT_UNUSED       ; Untyped                     ;
; PORT_SCLKOUT1                 ; PORT_CONNECTIVITY ; Untyped                     ;
; PORT_SCLKOUT0                 ; PORT_CONNECTIVITY ; Untyped                     ;
; PORT_ACTIVECLOCK              ; PORT_UNUSED       ; Untyped                     ;
; PORT_CLKLOSS                  ; PORT_UNUSED       ; Untyped                     ;
; PORT_INCLK1                   ; PORT_UNUSED       ; Untyped                     ;
; PORT_INCLK0                   ; PORT_USED         ; Untyped                     ;
; PORT_FBIN                     ; PORT_UNUSED       ; Untyped                     ;
; PORT_PLLENA                   ; PORT_UNUSED       ; Untyped                     ;
; PORT_CLKSWITCH                ; PORT_UNUSED       ; Untyped                     ;
; PORT_ARESET                   ; PORT_UNUSED       ; Untyped                     ;
; PORT_PFDENA                   ; PORT_UNUSED       ; Untyped                     ;
; PORT_SCANCLK                  ; PORT_UNUSED       ; Untyped                     ;
; PORT_SCANACLR                 ; PORT_UNUSED       ; Untyped                     ;
; PORT_SCANREAD                 ; PORT_UNUSED       ; Untyped                     ;
; PORT_SCANWRITE                ; PORT_UNUSED       ; Untyped                     ;
; PORT_ENABLE0                  ; PORT_CONNECTIVITY ; Untyped                     ;
; PORT_ENABLE1                  ; PORT_CONNECTIVITY ; Untyped                     ;
; PORT_LOCKED                   ; PORT_UNUSED       ; Untyped                     ;
; PORT_CONFIGUPDATE             ; PORT_UNUSED       ; Untyped                     ;
; PORT_FBOUT                    ; PORT_CONNECTIVITY ; Untyped                     ;
; PORT_PHASEDONE                ; PORT_UNUSED       ; Untyped                     ;
; PORT_PHASESTEP                ; PORT_UNUSED       ; Untyped                     ;
; PORT_PHASEUPDOWN              ; PORT_UNUSED       ; Untyped                     ;
; PORT_SCANCLKENA               ; PORT_UNUSED       ; Untyped                     ;
; PORT_PHASECOUNTERSELECT       ; PORT_UNUSED       ; Untyped                     ;
; PORT_VCOOVERRANGE             ; PORT_CONNECTIVITY ; Untyped                     ;
; PORT_VCOUNDERRANGE            ; PORT_CONNECTIVITY ; Untyped                     ;
; M_TEST_SOURCE                 ; 5                 ; Untyped                     ;
; C0_TEST_SOURCE                ; 5                 ; Untyped                     ;
; C1_TEST_SOURCE                ; 5                 ; Untyped                     ;
; C2_TEST_SOURCE                ; 5                 ; Untyped                     ;
; C3_TEST_SOURCE                ; 5                 ; Untyped                     ;
; C4_TEST_SOURCE                ; 5                 ; Untyped                     ;
; C5_TEST_SOURCE                ; 5                 ; Untyped                     ;
; C6_TEST_SOURCE                ; 5                 ; Untyped                     ;
; C7_TEST_SOURCE                ; 5                 ; Untyped                     ;
; C8_TEST_SOURCE                ; 5                 ; Untyped                     ;
; C9_TEST_SOURCE                ; 5                 ; Untyped                     ;
; CBXI_PARAMETER                ; pll9_altpll       ; Untyped                     ;
; VCO_FREQUENCY_CONTROL         ; AUTO              ; Untyped                     ;
; VCO_PHASE_SHIFT_STEP          ; 0                 ; Untyped                     ;
; WIDTH_CLOCK                   ; 5                 ; Signed Integer              ;
; WIDTH_PHASECOUNTERSELECT      ; 4                 ; Untyped                     ;
; USING_FBMIMICBIDIR_PORT       ; OFF               ; Untyped                     ;
; DEVICE_FAMILY                 ; Cyclone III       ; Untyped                     ;
; SCAN_CHAIN_MIF_FILE           ; UNUSED            ; Untyped                     ;
; SIM_GATE_LOCK_DEVICE_BEHAVIOR ; OFF               ; Untyped                     ;
; AUTO_CARRY_CHAINS             ; ON                ; AUTO_CARRY                  ;
; IGNORE_CARRY_BUFFERS          ; OFF               ; IGNORE_CARRY                ;
; AUTO_CASCADE_CHAINS           ; ON                ; AUTO_CASCADE                ;
; IGNORE_CASCADE_BUFFERS        ; OFF               ; IGNORE_CASCADE              ;
+-------------------------------+-------------------+-----------------------------+
Note: In order to hide this table in the UI and the text report file, please set the "Show Parameter Settings Tables in Synthesis Report" option in "Analysis and Synthesis Settings -> More Settings" to "Off".


+------------------------------------------------------------+
; Parameter Settings for User Entity Instance: LPM_AND:inst2 ;
+------------------------+-------------+---------------------+
; Parameter Name         ; Value       ; Type                ;
+------------------------+-------------+---------------------+
; AUTO_CARRY_CHAINS      ; ON          ; AUTO_CARRY          ;
; IGNORE_CARRY_BUFFERS   ; OFF         ; IGNORE_CARRY        ;
; AUTO_CASCADE_CHAINS    ; ON          ; AUTO_CASCADE        ;
; IGNORE_CASCADE_BUFFERS ; OFF         ; IGNORE_CASCADE      ;
; LPM_WIDTH              ; 16          ; Untyped             ;
; LPM_SIZE               ; 2           ; Untyped             ;
; CARRY_CHAIN_LENGTH     ; 48          ; CARRY_CHAIN_LENGTH  ;
; CARRY_CHAIN            ; MANUAL      ; Untyped             ;
; CASCADE_CHAIN          ; MANUAL      ; Untyped             ;
; DEVICE_FAMILY          ; Cyclone III ; Untyped             ;
+------------------------+-------------+---------------------+
Note: In order to hide this table in the UI and the text report file, please set the "Show Parameter Settings Tables in Synthesis Report" option in "Analysis and Synthesis Settings -> More Settings" to "Off".


+--------------------------------------------------------------------+
; altpll Parameter Settings by Entity Instance                       ;
+-------------------------------+------------------------------------+
; Name                          ; Value                              ;
+-------------------------------+------------------------------------+
; Number of entity instances    ; 1                                  ;
; Entity Instance               ; pll9:inst1|altpll:altpll_component ;
;     -- OPERATION_MODE         ; NORMAL                             ;
;     -- PLL_TYPE               ; AUTO                               ;
;     -- PRIMARY_CLOCK          ; INCLK0                             ;
;     -- INCLK0_INPUT_FREQUENCY ; 10000                              ;
;     -- INCLK1_INPUT_FREQUENCY ; 0                                  ;
;     -- VCO_MULTIPLY_BY        ; 0                                  ;
;     -- VCO_DIVIDE_BY          ; 0                                  ;
+-------------------------------+------------------------------------+


+-------------------------------+
; Analysis & Synthesis Messages ;
+-------------------------------+
Info: *******************************************************************
Info: Running Quartus II Analysis & Synthesis
    Info: Version 9.1 Build 350 03/24/2010 Service Pack 2 SJ Web Edition
    Info: Processing started: Thu Dec 14 14:30:34 2017
Info: Command: quartus_map --read_settings_files=on --write_settings_files=off SBOR5_FPGA_DI_OO_9 -c SBOR5_FPGA_DI_OO_9
Info: Found 1 design units, including 1 entities, in source file dac_block.bdf
    Info: Found entity 1: DAC_Block
Info: Found 2 design units, including 1 entities, in source file decoder_dig.vhd
    Info: Found design unit 1: decoder_dig-arch
    Info: Found entity 1: decoder_dig
Info: Found 1 design units, including 1 entities, in source file main_part.bdf
    Info: Found entity 1: main_part
Info: Found 2 design units, including 1 entities, in source file pll9.vhd
    Info: Found design unit 1: pll9-SYN
    Info: Found entity 1: pll9
Info: Found 2 design units, including 1 entities, in source file spi_slave.vhd
    Info: Found design unit 1: spi_slave-Behavioral
    Info: Found entity 1: spi_slave
Info: Found 3 design units, including 1 entities, in source file decider.vhd
    Info: Found design unit 1: Common
    Info: Found design unit 2: DECIDER-arch
    Info: Found entity 1: DECIDER
Info: Elaborating entity "main_part" for the top level hierarchy
Info: Elaborating entity "decoder_dig" for hierarchy "decoder_dig:inst"
Warning (10036): Verilog HDL or VHDL warning at decoder_dig.vhd(29): object "last_input" assigned a value but never read
Warning (10492): VHDL Process Statement warning at decoder_dig.vhd(86): signal "reg" is read inside the Process Statement but isn't in the Process Statement's sensitivity list
Info: Elaborating entity "pll9" for hierarchy "pll9:inst1"
Info: Elaborating entity "altpll" for hierarchy "pll9:inst1|altpll:altpll_component"
Info: Elaborated megafunction instantiation "pll9:inst1|altpll:altpll_component"
Info: Instantiated megafunction "pll9:inst1|altpll:altpll_component" with the following parameter:
    Info: Parameter "bandwidth_type" = "AUTO"
    Info: Parameter "clk0_divide_by" = "10"
    Info: Parameter "clk0_duty_cycle" = "50"
    Info: Parameter "clk0_multiply_by" = "1"
    Info: Parameter "clk0_phase_shift" = "0"
    Info: Parameter "clk1_divide_by" = "25"
    Info: Parameter "clk1_duty_cycle" = "50"
    Info: Parameter "clk1_multiply_by" = "1"
    Info: Parameter "clk1_phase_shift" = "0"
    Info: Parameter "clk2_divide_by" = "50"
    Info: Parameter "clk2_duty_cycle" = "50"
    Info: Parameter "clk2_multiply_by" = "1"
    Info: Parameter "clk2_phase_shift" = "0"
    Info: Parameter "compensate_clock" = "CLK0"
    Info: Parameter "inclk0_input_frequency" = "10000"
    Info: Parameter "intended_device_family" = "Cyclone III"
    Info: Parameter "lpm_hint" = "CBX_MODULE_PREFIX=pll9"
    Info: Parameter "lpm_type" = "altpll"
    Info: Parameter "operation_mode" = "NORMAL"
    Info: Parameter "pll_type" = "AUTO"
    Info: Parameter "port_activeclock" = "PORT_UNUSED"
    Info: Parameter "port_areset" = "PORT_UNUSED"
    Info: Parameter "port_clkbad0" = "PORT_UNUSED"
    Info: Parameter "port_clkbad1" = "PORT_UNUSED"
    Info: Parameter "port_clkloss" = "PORT_UNUSED"
    Info: Parameter "port_clkswitch" = "PORT_UNUSED"
    Info: Parameter "port_configupdate" = "PORT_UNUSED"
    Info: Parameter "port_fbin" = "PORT_UNUSED"
    Info: Parameter "port_inclk0" = "PORT_USED"
    Info: Parameter "port_inclk1" = "PORT_UNUSED"
    Info: Parameter "port_locked" = "PORT_UNUSED"
    Info: Parameter "port_pfdena" = "PORT_UNUSED"
    Info: Parameter "port_phasecounterselect" = "PORT_UNUSED"
    Info: Parameter "port_phasedone" = "PORT_UNUSED"
    Info: Parameter "port_phasestep" = "PORT_UNUSED"
    Info: Parameter "port_phaseupdown" = "PORT_UNUSED"
    Info: Parameter "port_pllena" = "PORT_UNUSED"
    Info: Parameter "port_scanaclr" = "PORT_UNUSED"
    Info: Parameter "port_scanclk" = "PORT_UNUSED"
    Info: Parameter "port_scanclkena" = "PORT_UNUSED"
    Info: Parameter "port_scandata" = "PORT_UNUSED"
    Info: Parameter "port_scandataout" = "PORT_UNUSED"
    Info: Parameter "port_scandone" = "PORT_UNUSED"
    Info: Parameter "port_scanread" = "PORT_UNUSED"
    Info: Parameter "port_scanwrite" = "PORT_UNUSED"
    Info: Parameter "port_clk0" = "PORT_USED"
    Info: Parameter "port_clk1" = "PORT_USED"
    Info: Parameter "port_clk2" = "PORT_USED"
    Info: Parameter "port_clk3" = "PORT_UNUSED"
    Info: Parameter "port_clk4" = "PORT_UNUSED"
    Info: Parameter "port_clk5" = "PORT_UNUSED"
    Info: Parameter "port_clkena0" = "PORT_UNUSED"
    Info: Parameter "port_clkena1" = "PORT_UNUSED"
    Info: Parameter "port_clkena2" = "PORT_UNUSED"
    Info: Parameter "port_clkena3" = "PORT_UNUSED"
    Info: Parameter "port_clkena4" = "PORT_UNUSED"
    Info: Parameter "port_clkena5" = "PORT_UNUSED"
    Info: Parameter "port_extclk0" = "PORT_UNUSED"
    Info: Parameter "port_extclk1" = "PORT_UNUSED"
    Info: Parameter "port_extclk2" = "PORT_UNUSED"
    Info: Parameter "port_extclk3" = "PORT_UNUSED"
    Info: Parameter "width_clock" = "5"
Info: Found 1 design units, including 1 entities, in source file db/pll9_altpll.v
    Info: Found entity 1: pll9_altpll
Info: Elaborating entity "pll9_altpll" for hierarchy "pll9:inst1|altpll:altpll_component|pll9_altpll:auto_generated"
Info: Elaborating entity "LPM_AND" for hierarchy "LPM_AND:inst2"
Info: Elaborated megafunction instantiation "LPM_AND:inst2"
Info: Instantiated megafunction "LPM_AND:inst2" with the following parameter:
    Info: Parameter "LPM_SIZE" = "2"
    Info: Parameter "LPM_WIDTH" = "16"
Info: Elaborating entity "spi_slave" for hierarchy "spi_slave:inst3"
Info: Elaborating entity "DECIDER" for hierarchy "DECIDER:inst9"
Warning: Output pins are stuck at VCC or GND
    Warning (13410): Pin "LED1" is stuck at VCC
Info: Timing-Driven Synthesis is running
Warning: Ignored assignments for entity "SBOR5_FPGA_DI_OO_9" -- entity does not exist in design
    Warning: Assignment for entity set_global_assignment -name LL_ROOT_REGION ON -entity SBOR5_FPGA_DI_OO_9 -section_id "Root Region" was ignored
    Warning: Assignment for entity set_global_assignment -name LL_MEMBER_STATE LOCKED -entity SBOR5_FPGA_DI_OO_9 -section_id "Root Region" was ignored
Info: Implemented 1068 device resources after synthesis - the final resource count might be different
    Info: Implemented 36 input pins
    Info: Implemented 4 output pins
    Info: Implemented 1027 logic cells
    Info: Implemented 1 PLLs
Info: Quartus II Analysis & Synthesis was successful. 0 errors, 7 warnings
    Info: Peak virtual memory: 247 megabytes
    Info: Processing ended: Thu Dec 14 14:30:42 2017
    Info: Elapsed time: 00:00:08
    Info: Total CPU time (on all processors): 00:00:09


